<?xml version="1.0" encoding="UTF-8"?>
<testng-results skipped="0" failed="0" total="1" passed="1">
  <reporter-output>
  </reporter-output>
  <suite name="Default suite" duration-ms="17325" started-at="2022-05-30T13:18:25Z" finished-at="2022-05-30T13:18:42Z">
    <groups>
    </groups>
    <test name="Default test" duration-ms="17325" started-at="2022-05-30T13:18:25Z" finished-at="2022-05-30T13:18:42Z">
      <class name="com.miniproject.test.JavaScriptExecutorUsage">
        <test-method status="PASS" signature="test()[pri:0, instance:com.miniproject.test.JavaScriptExecutorUsage@6e1ec318]" name="test" duration-ms="17308" started-at="2022-05-30T18:48:25Z" finished-at="2022-05-30T18:48:42Z">
          <reporter-output>
          </reporter-output>
        </test-method> <!-- test -->
      </class> <!-- com.miniproject.test.JavaScriptExecutorUsage -->
    </test> <!-- Default test -->
  </suite> <!-- Default suite -->
</testng-results>
